
# WARNING : folder 'Brassicaceae' exists, files might be overwritten

# pangene_analysis.pl -d Plants -c Brassicaceae -r arabidopsis_thaliana -o  -f Brassicaceae -t protein -G 0 -W 0 -L 0

# supported species in NCBI taxon Brassicaceae : 6

# total selected species : 6

# re-using /home/bcontreras/ownCloud/codigo/github/plant_tools/compara/downloads/Compara.97.protein_default.homologies.arabidopsis_thaliana.tsv.gz

# re-using Arabidopsis_thaliana.TAIR10.pep.all.fa.gz

# re-using /home/bcontreras/ownCloud/codigo/github/plant_tools/compara/downloads/Compara.97.protein_default.homologies.arabidopsis_lyrata.tsv.gz

# re-using Arabidopsis_lyrata.v.1.0.pep.all.fa.gz

# re-using /home/bcontreras/ownCloud/codigo/github/plant_tools/compara/downloads/Compara.97.protein_default.homologies.brassica_rapa.tsv.gz

# re-using Brassica_rapa.Brapa_1.0.pep.all.fa.gz

# re-using /home/bcontreras/ownCloud/codigo/github/plant_tools/compara/downloads/Compara.97.protein_default.homologies.brassica_oleracea.tsv.gz

# re-using Brassica_oleracea.BOL.pep.all.fa.gz

# re-using /home/bcontreras/ownCloud/codigo/github/plant_tools/compara/downloads/Compara.97.protein_default.homologies.brassica_napus.tsv.gz

# re-using Brassica_napus.AST_PRJEB5043_v1.pep.all.fa.gz

# re-using /home/bcontreras/ownCloud/codigo/github/plant_tools/compara/downloads/Compara.97.protein_default.homologies.arabidopsis_halleri.tsv.gz

# re-using Arabidopsis_halleri.Ahal2.2.pep.all.fa.gz

# arabidopsis_thaliana : sequences = 27628 clusters = 26478 (singletons = 1878)
# arabidopsis_lyrata : sequences = 32667 clusters = 29462 (singletons = 3787)
# brassica_rapa : sequences = 41018 clusters = 27880 (singletons = 1141)
# brassica_oleracea : sequences = 59220 clusters = 39457 (singletons = 8077)
# brassica_napus : sequences = 101040 clusters = 46335 (singletons = 11181)
# arabidopsis_halleri : sequences = 32158 clusters = 29172 (singletons = 3981)

# total sequences = 293731

# number_of_clusters = 71515 (core = 16609)

# cluster_list = Brassicaceae/arabidopsisthaliana_Brassicaceae_algEnsemblCompara.cluster_list
# cluster_directory = Brassicaceae/arabidopsisthaliana_Brassicaceae_algEnsemblCompara

# percent_conserved_proteins_file = Brassicaceae/POCP.matrix.tab

# pangenome_file = Brassicaceae/pangenome_matrix.tab tranposed = Brassicaceae/pangenome_matrix.tr.tab
# pangenome_genes = Brassicaceae/pangenome_matrix_genes.tab transposed = Brassicaceae/pangenome_matrix_genes.tr.tab
# pangenome_FASTA_file = Brassicaceae/pangenome_matrix.fasta

# genome composition report (samples=10,seed=12345)
## sample 0 (arabidopsis_thaliana | 0,1,2,3,4,5,)
## sample 1 (arabidopsis_lyrata | 1,2,5,4,0,3,)
## sample 2 (brassica_oleracea | 3,4,2,0,1,5,)
## sample 3 (brassica_oleracea | 3,1,2,0,5,4,)
## sample 4 (brassica_rapa | 2,0,1,4,3,5,)
## sample 5 (brassica_oleracea | 3,1,5,4,0,2,)
## sample 6 (arabidopsis_halleri | 5,2,1,3,0,4,)
## sample 7 (brassica_napus | 4,3,5,1,0,2,)
## sample 8 (arabidopsis_halleri | 5,0,3,1,4,2,)
## sample 9 (brassica_napus | 4,2,5,3,0,1,)

# pan-gene (number of clusters) = Brassicaceae/pan_gene.tab
# core-gene (number of clusters) = Brassicaceae/core_gene.tab

# runtime: 96 wallclock secs (69.60 usr  3.98 sys + 30.26 cusr  1.78 csys = 105.62 CPU)
