
# WARNING : folder 'Oryza' exists, files might be overwritten

# pangene_analysis.pl -d Plants -c Oryza -r oryza_sativa -o  -f Oryza -t protein -G 0 -W 0 -L 0 -S 1

# supported species in NCBI taxon Oryza : 11

# total selected species : 11

# re-using /home/bcontreras/ownCloud/codigo/github/plant_tools/compara/downloads/Compara.98.protein_default.homologies.oryza_sativa.tsv.gz

# re-using Oryza_sativa.IRGSP-1.0.pep.all.fa.gz

# re-using /home/bcontreras/ownCloud/codigo/github/plant_tools/compara/downloads/Compara.98.protein_default.homologies.oryza_indica.tsv.gz

# re-using Oryza_indica.ASM465v1.pep.all.fa.gz

# re-using /home/bcontreras/ownCloud/codigo/github/plant_tools/compara/downloads/Compara.98.protein_default.homologies.oryza_brachyantha.tsv.gz

# re-using Oryza_brachyantha.Oryza_brachyantha.v1.4b.pep.all.fa.gz

# re-using /home/bcontreras/ownCloud/codigo/github/plant_tools/compara/downloads/Compara.98.protein_default.homologies.oryza_meridionalis.tsv.gz

# re-using Oryza_meridionalis.Oryza_meridionalis_v1.3.pep.all.fa.gz

# re-using /home/bcontreras/ownCloud/codigo/github/plant_tools/compara/downloads/Compara.98.protein_default.homologies.oryza_glaberrima.tsv.gz

# re-using Oryza_glaberrima.Oryza_glaberrima_V1.pep.all.fa.gz

# re-using /home/bcontreras/ownCloud/codigo/github/plant_tools/compara/downloads/Compara.98.protein_default.homologies.oryza_punctata.tsv.gz

# re-using Oryza_punctata.Oryza_punctata_v1.2.pep.all.fa.gz

# re-using /home/bcontreras/ownCloud/codigo/github/plant_tools/compara/downloads/Compara.98.protein_default.homologies.oryza_longistaminata.tsv.gz

# re-using Oryza_longistaminata.O_longistaminata_v1.0.pep.all.fa.gz

# re-using /home/bcontreras/ownCloud/codigo/github/plant_tools/compara/downloads/Compara.98.protein_default.homologies.oryza_barthii.tsv.gz

# re-using Oryza_barthii.O.barthii_v1.pep.all.fa.gz

# re-using /home/bcontreras/ownCloud/codigo/github/plant_tools/compara/downloads/Compara.98.protein_default.homologies.oryza_nivara.tsv.gz

# re-using Oryza_nivara.Oryza_nivara_v1.0.pep.all.fa.gz

# re-using /home/bcontreras/ownCloud/codigo/github/plant_tools/compara/downloads/Compara.98.protein_default.homologies.oryza_rufipogon.tsv.gz

# re-using Oryza_rufipogon.OR_W1943.pep.all.fa.gz

# re-using /home/bcontreras/ownCloud/codigo/github/plant_tools/compara/downloads/Compara.98.protein_default.homologies.oryza_glumipatula.tsv.gz

# re-using Oryza_glumipatula.Oryza_glumaepatula_v1.5.pep.all.fa.gz

# oryza_sativa : sequences = 35775 clusters = 28336 (singletons = 0)
# oryza_indica : sequences = 40745 clusters = 33247 (singletons = 0)
# oryza_brachyantha : sequences = 32037 clusters = 22446 (singletons = 0)
# oryza_meridionalis : sequences = 29308 clusters = 25167 (singletons = 0)
# oryza_glaberrima : sequences = 33164 clusters = 28512 (singletons = 0)
# oryza_punctata : sequences = 31762 clusters = 25228 (singletons = 0)
# oryza_longistaminata : sequences = 31686 clusters = 23844 (singletons = 0)
# oryza_barthii : sequences = 34575 clusters = 31112 (singletons = 0)
# oryza_nivara : sequences = 36313 clusters = 33020 (singletons = 0)
# oryza_rufipogon : sequences = 37071 clusters = 33499 (singletons = 0)
# oryza_glumipatula : sequences = 35735 clusters = 31742 (singletons = 0)

# total sequences = 378171

# number_of_clusters = 48223 (core = 8346)

# cluster_list = Oryza/oryzasativa_Oryza_algEnsemblCompara_nosingles.cluster_list
# cluster_directory = Oryza/oryzasativa_Oryza_algEnsemblCompara_nosingles

# percent_conserved_proteins_file = Oryza/POCP.matrix_nosingles.tab

# pangenome_file = Oryza/pangenome_matrix_nosingles.tab tranposed = Oryza/pangenome_matrix_nosingles.tr.tab
# pangenome_genes = Oryza/pangenome_matrix_genes_nosingles.tab transposed = Oryza/pangenome_matrix_genes_nosingles.tr.tab
# pangenome_FASTA_file = Oryza/pangenome_matrix_nosingles.fasta

# genome composition report (samples=10,seed=12345)
## sample 0 (oryza_sativa | 0,1,2,3,4,5,6,7,8,9,10,)
## sample 1 (oryza_glaberrima | 4,3,5,10,9,1,8,0,7,6,2,)
## sample 2 (oryza_indica | 1,2,9,7,3,6,0,8,10,5,4,)
## sample 3 (oryza_meridionalis | 3,9,8,6,10,4,5,2,7,0,1,)
## sample 4 (oryza_punctata | 5,7,4,3,6,10,9,0,2,1,8,)
## sample 5 (oryza_sativa | 0,6,4,8,7,3,10,9,2,1,5,)
## sample 6 (oryza_indica | 1,4,5,0,6,10,9,3,7,8,2,)
## sample 7 (oryza_punctata | 5,6,10,9,4,0,1,2,7,8,3,)
## sample 8 (oryza_barthii | 7,5,1,10,2,6,4,8,9,0,3,)
## sample 9 (oryza_sativa | 0,9,7,10,2,5,8,3,1,6,4,)

# pan-gene (number of clusters) = Oryza/pan_gene_nosingles.tab
# core-gene (number of clusters) = Oryza/core_gene_nosingles.tab

# runtime: 148 wallclock secs (72.07 usr  3.70 sys + 29.15 cusr  1.69 csys = 106.61 CPU)
