
# WARNING : folder 'Oryza' exists, files might be overwritten

# pangene_analysis.pl -d Plants -c Oryza -r oryza_sativa -o  -f Oryza -t protein -G 0 -W 0 -L 0

# supported species in NCBI taxon Oryza : 11

# total selected species : 11

# re-using Compara.97.protein_default.homologies.oryza_sativa.tsv.gz

# re-using Oryza_sativa.IRGSP-1.0.pep.all.fa.gz

# re-using Compara.97.protein_default.homologies.oryza_indica.tsv.gz

# re-using Oryza_indica.ASM465v1.pep.all.fa.gz

# re-using Compara.97.protein_default.homologies.oryza_brachyantha.tsv.gz

# re-using Oryza_brachyantha.Oryza_brachyantha.v1.4b.pep.all.fa.gz

# re-using Compara.97.protein_default.homologies.oryza_meridionalis.tsv.gz

# re-using Oryza_meridionalis.Oryza_meridionalis_v1.3.pep.all.fa.gz

# re-using Compara.97.protein_default.homologies.oryza_glaberrima.tsv.gz

# re-using Oryza_glaberrima.Oryza_glaberrima_V1.pep.all.fa.gz

# re-using Compara.97.protein_default.homologies.oryza_punctata.tsv.gz

# re-using Oryza_punctata.Oryza_punctata_v1.2.pep.all.fa.gz

# re-using Compara.97.protein_default.homologies.oryza_longistaminata.tsv.gz

# re-using Oryza_longistaminata.O_longistaminata_v1.0.pep.all.fa.gz

# re-using Compara.97.protein_default.homologies.oryza_barthii.tsv.gz

# re-using Oryza_barthii.O.barthii_v1.pep.all.fa.gz

# re-using Compara.97.protein_default.homologies.oryza_nivara.tsv.gz

# re-using Oryza_nivara.Oryza_nivara_v1.0.pep.all.fa.gz

# re-using Compara.97.protein_default.homologies.oryza_rufipogon.tsv.gz

# re-using Oryza_rufipogon.OR_W1943.pep.all.fa.gz

# re-using Compara.97.protein_default.homologies.oryza_glumipatula.tsv.gz

# re-using Oryza_glumipatula.Oryza_glumaepatula_v1.5.pep.all.fa.gz

# oryza_sativa : sequences = 35666 clusters = 34780 (singletons = 6520)
# oryza_indica : sequences = 40745 clusters = 38159 (singletons = 4908)
# oryza_brachyantha : sequences = 32037 clusters = 30688 (singletons = 8218)
# oryza_meridionalis : sequences = 29308 clusters = 28230 (singletons = 3046)
# oryza_glaberrima : sequences = 33164 clusters = 30443 (singletons = 1938)
# oryza_punctata : sequences = 31762 clusters = 29680 (singletons = 4408)
# oryza_longistaminata : sequences = 31686 clusters = 28699 (singletons = 4802)
# oryza_barthii : sequences = 34575 clusters = 33186 (singletons = 2072)
# oryza_nivara : sequences = 36313 clusters = 35138 (singletons = 2097)
# oryza_rufipogon : sequences = 37071 clusters = 35797 (singletons = 2263)
# oryza_glumipatula : sequences = 35735 clusters = 34439 (singletons = 2671)

# total sequences = 378062

# number_of_clusters = 91161 (core = 8345)

# cluster_list = Oryza/oryzasativa_Oryza_algEnsemblCompara.cluster_list
# cluster_directory = Oryza/oryzasativa_Oryza_algEnsemblCompara

# percent_conserved_proteins_file = Oryza/POCP.matrix.tab

# pangenome_file = Oryza/pangenome_matrix.tab tranposed = Oryza/pangenome_matrix.tr.tab
# pangenome_genes = Oryza/pangenome_matrix_genes.tab transposed = Oryza/pangenome_matrix_genes.tr.tab
# pangenome_FASTA_file = Oryza/pangenome_matrix.fasta

# genome composition report (samples=10,seed=12345)
## sample 0 (oryza_sativa | 0,1,2,3,4,5,6,7,8,9,10,)
## sample 1 (oryza_glaberrima | 4,7,3,6,1,2,0,8,10,9,5,)
## sample 2 (oryza_punctata | 5,10,4,8,6,2,1,3,7,9,0,)
## sample 3 (oryza_barthii | 7,3,4,6,1,10,8,5,2,0,9,)
## sample 4 (oryza_glumipatula | 10,0,9,7,3,8,6,4,2,5,1,)
## sample 5 (oryza_punctata | 5,9,3,1,10,7,6,2,4,8,0,)
## sample 6 (oryza_indica | 1,0,9,3,2,4,5,10,8,7,6,)
## sample 7 (oryza_meridionalis | 3,6,0,8,1,2,10,4,9,7,5,)
## sample 8 (oryza_indica | 1,0,6,3,9,4,2,5,8,7,10,)
## sample 9 (oryza_brachyantha | 2,4,8,7,0,9,5,10,3,6,1,)

# pan-gene (number of clusters) = Oryza/pan_gene.tab
# core-gene (number of clusters) = Oryza/core_gene.tab

# runtime: 77 wallclock secs (70.02 usr  3.57 sys + 27.49 cusr  1.41 csys = 102.49 CPU)
