
# WARNING : folder 'Oryza' exists, files might be overwritten

# pangene_analysis.pl -d Plants -c Oryza -r oryza_sativa -o  -f Oryza -t protein -G 0 -W 0 -L 0 -S 1

# supported species in NCBI taxon Oryza : 11

# total selected species : 11

# re-using plant_tools/compara/downloads/Compara.98.protein_default.homologies.oryza_sativa.tsv.gz

# re-using Oryza_sativa.IRGSP-1.0.pep.all.fa.gz

# re-using plant_tools/compara/downloads/Compara.98.protein_default.homologies.oryza_indica.tsv.gz

# re-using Oryza_indica.ASM465v1.pep.all.fa.gz

# re-using plant_tools/compara/downloads/Compara.98.protein_default.homologies.oryza_brachyantha.tsv.gz

# re-using Oryza_brachyantha.Oryza_brachyantha.v1.4b.pep.all.fa.gz

# re-using plant_tools/compara/downloads/Compara.98.protein_default.homologies.oryza_meridionalis.tsv.gz

# re-using Oryza_meridionalis.Oryza_meridionalis_v1.3.pep.all.fa.gz

# re-using plant_tools/compara/downloads/Compara.98.protein_default.homologies.oryza_glaberrima.tsv.gz

# re-using Oryza_glaberrima.Oryza_glaberrima_V1.pep.all.fa.gz

# re-using plant_tools/compara/downloads/Compara.98.protein_default.homologies.oryza_punctata.tsv.gz

# re-using Oryza_punctata.Oryza_punctata_v1.2.pep.all.fa.gz

# re-using plant_tools/compara/downloads/Compara.98.protein_default.homologies.oryza_longistaminata.tsv.gz

# re-using Oryza_longistaminata.O_longistaminata_v1.0.pep.all.fa.gz

# re-using plant_tools/compara/downloads/Compara.98.protein_default.homologies.oryza_barthii.tsv.gz

# re-using Oryza_barthii.O.barthii_v1.pep.all.fa.gz

# re-using plant_tools/compara/downloads/Compara.98.protein_default.homologies.oryza_nivara.tsv.gz

# re-using Oryza_nivara.Oryza_nivara_v1.0.pep.all.fa.gz

# re-using plant_tools/compara/downloads/Compara.98.protein_default.homologies.oryza_rufipogon.tsv.gz

# re-using Oryza_rufipogon.OR_W1943.pep.all.fa.gz

# re-using plant_tools/compara/downloads/Compara.98.protein_default.homologies.oryza_glumipatula.tsv.gz

# re-using Oryza_glumipatula.Oryza_glumaepatula_v1.5.pep.all.fa.gz

# oryza_sativa : sequences = 35775 clusters = 27048 (singletons = 0)
# oryza_indica : sequences = 40745 clusters = 31945 (singletons = 0)
# oryza_brachyantha : sequences = 32037 clusters = 21435 (singletons = 0)
# oryza_meridionalis : sequences = 29308 clusters = 24054 (singletons = 0)
# oryza_glaberrima : sequences = 33164 clusters = 27659 (singletons = 0)
# oryza_punctata : sequences = 31762 clusters = 24427 (singletons = 0)
# oryza_longistaminata : sequences = 31686 clusters = 22574 (singletons = 0)
# oryza_barthii : sequences = 34575 clusters = 30640 (singletons = 0)
# oryza_nivara : sequences = 36313 clusters = 32531 (singletons = 0)
# oryza_rufipogon : sequences = 37071 clusters = 32879 (singletons = 0)
# oryza_glumipatula : sequences = 35735 clusters = 30982 (singletons = 0)

# total sequences = 378171

# number_of_clusters = 46754 (core = 8052)

# cluster_list = Oryza/oryzasativa_Oryza_algEnsemblCompara_nosingles.cluster_list
# cluster_directory = Oryza/oryzasativa_Oryza_algEnsemblCompara_nosingles

# percent_conserved_proteins_file = Oryza/POCP.matrix_nosingles.tab

# pangenome_file = Oryza/pangenome_matrix_nosingles.tab tranposed = Oryza/pangenome_matrix_nosingles.tr.tab
# pangenome_genes = Oryza/pangenome_matrix_genes_nosingles.tab transposed = Oryza/pangenome_matrix_genes_nosingles.tr.tab
# pangenome_FASTA_file = Oryza/pangenome_matrix_nosingles.fasta

# genome composition report (samples=10,seed=12345)
## sample 0 (oryza_sativa | 0,1,2,3,4,5,6,7,8,9,10,)
## sample 1 (oryza_sativa | 0,7,2,6,1,4,3,9,10,8,5,)
## sample 2 (oryza_sativa | 0,1,8,9,6,5,3,7,4,10,2,)
## sample 3 (oryza_longistaminata | 6,8,7,3,10,9,0,5,4,1,2,)
## sample 4 (oryza_indica | 1,5,10,2,4,7,3,6,8,0,9,)
## sample 5 (oryza_indica | 1,2,0,3,7,10,4,9,8,5,6,)
## sample 6 (oryza_brachyantha | 2,4,0,6,8,10,9,5,7,3,1,)
## sample 7 (oryza_meridionalis | 3,10,9,2,5,8,6,7,1,0,4,)
## sample 8 (oryza_glaberrima | 4,3,1,0,8,7,5,2,6,10,9,)
## sample 9 (oryza_nivara | 8,10,0,6,9,4,7,3,1,2,5,)

# pan-gene (number of clusters) = Oryza/pan_gene_nosingles.tab
# core-gene (number of clusters) = Oryza/core_gene_nosingles.tab

# runtime: 97 wallclock secs (71.44 usr  2.71 sys + 28.92 cusr  1.66 csys = 104.73 CPU)
